2024-07-11 13:06:03,306  INFO [main] LoginPageTest:26 - Initialization is done
2024-07-11 13:06:11,677  INFO [main] LoginPageTest:33 - login page
2024-07-11 13:10:21,691 DEBUG [main] cache:45 - Couldn't find template in cache for "Extent.ftl"("en_IN", UTF-8, parsed); will try to load it.
2024-07-11 13:10:21,694 DEBUG [main] cache:45 - TemplateLoader.findTemplateSource("Extent_en_IN.ftl"): Not found
2024-07-11 13:10:21,697 DEBUG [main] cache:45 - TemplateLoader.findTemplateSource("Extent_en.ftl"): Not found
2024-07-11 13:10:21,699 DEBUG [main] cache:45 - TemplateLoader.findTemplateSource("Extent.ftl"): Found
2024-07-11 13:10:21,699 DEBUG [main] cache:45 - Loading template for "Extent.ftl"("en_IN", UTF-8, parsed) from "jar:file:/C:/Users/WIN%2010/.m2/repository/com/relevantcodes/extentreports/2.41.2/extentreports-2.41.2.jar!/com/relevantcodes/extentreports/view/Extent.ftl"
2024-07-11 13:10:22,122 DEBUG [main] cache:45 - Couldn't find template in cache for "Extent.ftl"("en_IN", UTF-8, parsed); will try to load it.
2024-07-11 13:10:22,124 DEBUG [main] cache:45 - TemplateLoader.findTemplateSource("Extent_en_IN.ftl"): Not found
2024-07-11 13:10:22,125 DEBUG [main] cache:45 - TemplateLoader.findTemplateSource("Extent_en.ftl"): Not found
2024-07-11 13:10:22,126 DEBUG [main] cache:45 - TemplateLoader.findTemplateSource("Extent.ftl"): Found
2024-07-11 13:10:22,126 DEBUG [main] cache:45 - Loading template for "Extent.ftl"("en_IN", UTF-8, parsed) from "jar:file:/C:/Users/WIN%2010/.m2/repository/com/relevantcodes/extentreports/2.41.2/extentreports-2.41.2.jar!/com/relevantcodes/extentreports/view/Extent.ftl"
2024-07-11 15:26:27,166  INFO [main] LoginPageTest:26 - Initialization is done
2024-07-11 15:26:33,740  INFO [main] LoginPageTest:33 - login page
2024-07-11 15:29:41,783 DEBUG [main] cache:45 - Couldn't find template in cache for "Extent.ftl"("en_IN", UTF-8, parsed); will try to load it.
2024-07-11 15:29:41,787 DEBUG [main] cache:45 - TemplateLoader.findTemplateSource("Extent_en_IN.ftl"): Not found
2024-07-11 15:29:41,789 DEBUG [main] cache:45 - TemplateLoader.findTemplateSource("Extent_en.ftl"): Not found
2024-07-11 15:29:41,791 DEBUG [main] cache:45 - TemplateLoader.findTemplateSource("Extent.ftl"): Found
2024-07-11 15:29:41,792 DEBUG [main] cache:45 - Loading template for "Extent.ftl"("en_IN", UTF-8, parsed) from "jar:file:/C:/Users/WIN%2010/.m2/repository/com/relevantcodes/extentreports/2.41.2/extentreports-2.41.2.jar!/com/relevantcodes/extentreports/view/Extent.ftl"
2024-07-11 15:29:42,201 DEBUG [main] cache:45 - Couldn't find template in cache for "Extent.ftl"("en_IN", UTF-8, parsed); will try to load it.
2024-07-11 15:29:42,203 DEBUG [main] cache:45 - TemplateLoader.findTemplateSource("Extent_en_IN.ftl"): Not found
2024-07-11 15:29:42,204 DEBUG [main] cache:45 - TemplateLoader.findTemplateSource("Extent_en.ftl"): Not found
2024-07-11 15:29:42,205 DEBUG [main] cache:45 - TemplateLoader.findTemplateSource("Extent.ftl"): Found
2024-07-11 15:29:42,206 DEBUG [main] cache:45 - Loading template for "Extent.ftl"("en_IN", UTF-8, parsed) from "jar:file:/C:/Users/WIN%2010/.m2/repository/com/relevantcodes/extentreports/2.41.2/extentreports-2.41.2.jar!/com/relevantcodes/extentreports/view/Extent.ftl"
2024-07-11 15:31:30,939  INFO [main] LoginPageTest:26 - Initialization is done
2024-07-11 15:31:38,248  INFO [main] LoginPageTest:33 - login page
2024-07-11 15:32:18,013 DEBUG [main] cache:45 - Couldn't find template in cache for "Extent.ftl"("en_IN", UTF-8, parsed); will try to load it.
2024-07-11 15:32:18,015 DEBUG [main] cache:45 - TemplateLoader.findTemplateSource("Extent_en_IN.ftl"): Not found
2024-07-11 15:32:18,018 DEBUG [main] cache:45 - TemplateLoader.findTemplateSource("Extent_en.ftl"): Not found
2024-07-11 15:32:18,020 DEBUG [main] cache:45 - TemplateLoader.findTemplateSource("Extent.ftl"): Found
2024-07-11 15:32:18,021 DEBUG [main] cache:45 - Loading template for "Extent.ftl"("en_IN", UTF-8, parsed) from "jar:file:/C:/Users/WIN%2010/.m2/repository/com/relevantcodes/extentreports/2.41.2/extentreports-2.41.2.jar!/com/relevantcodes/extentreports/view/Extent.ftl"
2024-07-11 15:32:18,386 DEBUG [main] cache:45 - Couldn't find template in cache for "Extent.ftl"("en_IN", UTF-8, parsed); will try to load it.
2024-07-11 15:32:18,387 DEBUG [main] cache:45 - TemplateLoader.findTemplateSource("Extent_en_IN.ftl"): Not found
2024-07-11 15:32:18,388 DEBUG [main] cache:45 - TemplateLoader.findTemplateSource("Extent_en.ftl"): Not found
2024-07-11 15:32:18,389 DEBUG [main] cache:45 - TemplateLoader.findTemplateSource("Extent.ftl"): Found
2024-07-11 15:32:18,389 DEBUG [main] cache:45 - Loading template for "Extent.ftl"("en_IN", UTF-8, parsed) from "jar:file:/C:/Users/WIN%2010/.m2/repository/com/relevantcodes/extentreports/2.41.2/extentreports-2.41.2.jar!/com/relevantcodes/extentreports/view/Extent.ftl"
2024-07-11 17:57:20,412  INFO [main] LoginPageTest:26 - Initialization is done
2024-07-11 17:57:27,763  INFO [main] LoginPageTest:33 - login page
2024-07-11 18:02:04,715 DEBUG [main] cache:45 - Couldn't find template in cache for "Extent.ftl"("en_IN", UTF-8, parsed); will try to load it.
2024-07-11 18:02:04,717 DEBUG [main] cache:45 - TemplateLoader.findTemplateSource("Extent_en_IN.ftl"): Not found
2024-07-11 18:02:04,720 DEBUG [main] cache:45 - TemplateLoader.findTemplateSource("Extent_en.ftl"): Not found
2024-07-11 18:02:04,722 DEBUG [main] cache:45 - TemplateLoader.findTemplateSource("Extent.ftl"): Found
2024-07-11 18:02:04,723 DEBUG [main] cache:45 - Loading template for "Extent.ftl"("en_IN", UTF-8, parsed) from "jar:file:/C:/Users/WIN%2010/.m2/repository/com/relevantcodes/extentreports/2.41.2/extentreports-2.41.2.jar!/com/relevantcodes/extentreports/view/Extent.ftl"
2024-07-11 18:02:05,212 DEBUG [main] cache:45 - Couldn't find template in cache for "Extent.ftl"("en_IN", UTF-8, parsed); will try to load it.
2024-07-11 18:02:05,212 DEBUG [main] cache:45 - TemplateLoader.findTemplateSource("Extent_en_IN.ftl"): Not found
2024-07-11 18:02:05,213 DEBUG [main] cache:45 - TemplateLoader.findTemplateSource("Extent_en.ftl"): Not found
2024-07-11 18:02:05,214 DEBUG [main] cache:45 - TemplateLoader.findTemplateSource("Extent.ftl"): Found
2024-07-11 18:02:05,215 DEBUG [main] cache:45 - Loading template for "Extent.ftl"("en_IN", UTF-8, parsed) from "jar:file:/C:/Users/WIN%2010/.m2/repository/com/relevantcodes/extentreports/2.41.2/extentreports-2.41.2.jar!/com/relevantcodes/extentreports/view/Extent.ftl"
2024-07-11 18:12:24,834  INFO [main] LoginPageTest:26 - Initialization is done
2024-07-11 18:12:32,406  INFO [main] LoginPageTest:33 - login page
2024-07-11 18:16:50,189 DEBUG [main] cache:45 - Couldn't find template in cache for "Extent.ftl"("en_IN", UTF-8, parsed); will try to load it.
2024-07-11 18:16:50,191 DEBUG [main] cache:45 - TemplateLoader.findTemplateSource("Extent_en_IN.ftl"): Not found
2024-07-11 18:16:50,193 DEBUG [main] cache:45 - TemplateLoader.findTemplateSource("Extent_en.ftl"): Not found
2024-07-11 18:16:50,194 DEBUG [main] cache:45 - TemplateLoader.findTemplateSource("Extent.ftl"): Found
2024-07-11 18:16:50,195 DEBUG [main] cache:45 - Loading template for "Extent.ftl"("en_IN", UTF-8, parsed) from "jar:file:/C:/Users/WIN%2010/.m2/repository/com/relevantcodes/extentreports/2.41.2/extentreports-2.41.2.jar!/com/relevantcodes/extentreports/view/Extent.ftl"
2024-07-11 18:16:50,575 DEBUG [main] cache:45 - Couldn't find template in cache for "Extent.ftl"("en_IN", UTF-8, parsed); will try to load it.
2024-07-11 18:16:50,576 DEBUG [main] cache:45 - TemplateLoader.findTemplateSource("Extent_en_IN.ftl"): Not found
2024-07-11 18:16:50,577 DEBUG [main] cache:45 - TemplateLoader.findTemplateSource("Extent_en.ftl"): Not found
2024-07-11 18:16:50,578 DEBUG [main] cache:45 - TemplateLoader.findTemplateSource("Extent.ftl"): Found
2024-07-11 18:16:50,578 DEBUG [main] cache:45 - Loading template for "Extent.ftl"("en_IN", UTF-8, parsed) from "jar:file:/C:/Users/WIN%2010/.m2/repository/com/relevantcodes/extentreports/2.41.2/extentreports-2.41.2.jar!/com/relevantcodes/extentreports/view/Extent.ftl"
2024-07-12 11:32:29,909  INFO [main] LoginPageTest:28 - Initialization is done
2024-07-12 11:32:39,151  INFO [main] LoginPageTest:35 - login page
2024-07-12 11:44:02,681  INFO [main] LoginPageTest:28 - Initialization is done
2024-07-12 11:44:09,826  INFO [main] LoginPageTest:35 - login page
2024-07-12 11:57:19,901  INFO [main] LoginPageTest:28 - Initialization is done
2024-07-12 11:57:27,098  INFO [main] LoginPageTest:35 - login page
2024-07-12 12:01:34,495 DEBUG [main] cache:45 - Couldn't find template in cache for "Extent.ftl"("en_IN", UTF-8, parsed); will try to load it.
2024-07-12 12:01:34,499 DEBUG [main] cache:45 - TemplateLoader.findTemplateSource("Extent_en_IN.ftl"): Not found
2024-07-12 12:01:34,502 DEBUG [main] cache:45 - TemplateLoader.findTemplateSource("Extent_en.ftl"): Not found
2024-07-12 12:01:34,504 DEBUG [main] cache:45 - TemplateLoader.findTemplateSource("Extent.ftl"): Found
2024-07-12 12:01:34,505 DEBUG [main] cache:45 - Loading template for "Extent.ftl"("en_IN", UTF-8, parsed) from "jar:file:/C:/Users/WIN%2010/.m2/repository/com/relevantcodes/extentreports/2.41.2/extentreports-2.41.2.jar!/com/relevantcodes/extentreports/view/Extent.ftl"
2024-07-12 12:01:34,973 DEBUG [main] cache:45 - Couldn't find template in cache for "Extent.ftl"("en_IN", UTF-8, parsed); will try to load it.
2024-07-12 12:01:34,974 DEBUG [main] cache:45 - TemplateLoader.findTemplateSource("Extent_en_IN.ftl"): Not found
2024-07-12 12:01:34,976 DEBUG [main] cache:45 - TemplateLoader.findTemplateSource("Extent_en.ftl"): Not found
2024-07-12 12:01:34,978 DEBUG [main] cache:45 - TemplateLoader.findTemplateSource("Extent.ftl"): Found
2024-07-12 12:01:34,978 DEBUG [main] cache:45 - Loading template for "Extent.ftl"("en_IN", UTF-8, parsed) from "jar:file:/C:/Users/WIN%2010/.m2/repository/com/relevantcodes/extentreports/2.41.2/extentreports-2.41.2.jar!/com/relevantcodes/extentreports/view/Extent.ftl"
2024-07-12 12:21:42,412  INFO [main] LoginPageTest:28 - Initialization is done
2024-07-12 12:21:52,301  INFO [main] LoginPageTest:35 - login page
